{ Using PSTWRITER 17.2.0 d001Sep-26-2020 at 12:41:56 }

#1 WARNING(ORCAP-36006): Part Name "CAP NP_SNPD1210_MODIFIED_10U 1210 50V " is renamed to "CAP NP_SNPD1210_MODIFIED_10U 12".
#2 WARNING(ORCAP-36006): Part Name "CAP NP_RES0603_0.1U 1206 50V " is renamed to "CAP NP_RES0603_0.1U 1206 50V".
#3 WARNING(ORCAP-36006): Part Name "CAP NP_SNPD0805_MODIFIED_10U 1210 50V " is renamed to "CAP NP_SNPD0805_MODIFIED_10U 12".
#4 WARNING(ORCAP-36006): Part Name "CAP NP_SNPD1210_MODIFIED_0.1U 1206 50V " is renamed to "CAP NP_SNPD1210_MODIFIED_0.1U 1".
#5 WARNING(ORCAP-36006): Part Name "CAP NP_RES0603_0.01U 0603 50V " is renamed to "CAP NP_RES0603_0.01U 0603 50V".
#6 WARNING(ORCAP-36006): Part Name "CAP NP_RES0603_0.1U 0603 50V " is renamed to "CAP NP_RES0603_0.1U 0603 50V".
#7 WARNING(ORCAP-36006): Part Name "CAP NP_SNPD0805_MODIFIED_0.1U 1206 50V " is renamed to "CAP NP_SNPD0805_MODIFIED_0.1U 1".
#8 WARNING(ORCAP-36006): Part Name "CAP NP_RES0603_0.01U 0603 16V " is renamed to "CAP NP_RES0603_0.01U 0603 16V".
#9 WARNING(ORCAP-36006): Part Name "DIODE ZENER_SOD123_B0520LW-7-F 20V" is renamed to "DIODE ZENER_SOD123_B0520LW-7-F".
#10 WARNING(ORCAP-36006): Part Name "DIODE TVS BI-DIR_SOD323F_CDSOD323-T03SC" is renamed to "DIODE TVS BI-DIR_SOD323F_CDSOD3".
#11 WARNING(ORCAP-36006): Part Name "CON2_SIP_2PIN_BERGSTRIP_PBC02SGBN" is renamed to "CON2_SIP_2PIN_BERGSTRIP_PBC02SG".
#12 WARNING(ORCAP-36006): Part Name "RESISTOR_SNPD0805_MODIFIED_332K 0102 1%" is renamed to "RESISTOR_SNPD0805_MODIFIED_332K".
#13 WARNING(ORCAP-36006): Part Name "RESISTOR_SNPD0805_MODIFIED_3.60K 0102 5%" is renamed to "RESISTOR_SNPD0805_MODIFIED_3.60".
#14 WARNING(ORCAP-36006): Part Name "TRANSFORMER STEPUP_0_TOROID_SMD_6PIN_1123_750343804" is renamed to "TRANSFORMER STEPUP_0_TOROID_SMD".
#15 WARNING(ORCAP-36006): Part Name "DM3AT-SF-PEJM5_0_SOT65P210X110-5N_TI-TPS22944DCK5" is renamed to "DM3AT-SF-PEJM5_0_SOT65P210X110-".
#16 WARNING(ORCAP-36006): Part Name "DM3AT-SF-PEJM5_1_SOT95P280X145-6N_SN6505" is renamed to "DM3AT-SF-PEJM5_1_SOT95P280X145-".
#17 WARNING(ORCAP-36006): Part Name "DM3AT-SF-PEJM5_2_SOT95P280X145-5N_TLV70433DBVT" is renamed to "DM3AT-SF-PEJM5_2_SOT95P280X145-".
#18 WARNING(ORCAP-36006): Part Name "DM3AT-SF-PEJM5_3_SOIC127P1150X280-8N_AMC1311DWVR" is renamed to "DM3AT-SF-PEJM5_3_SOIC127P1150X2".
#19 WARNING(ORCAP-36006): Part Name "DM3AT-SF-PEJM5_4_SOT65P210X110-5N_AMC1311DWVR" is renamed to "DM3AT-SF-PEJM5_4_SOT65P210X110-".
INFO(ORCAP-36080): Scanning netlist files ...

Loading... C:\USERS\KUNAL\GOOGLE DRIVE\RUPESHROSHNIPRAKASHPOOJAPRASHANTKUNAL\KUNAL\TIDA-01606_HV_CARDE4_SCH\allegro/pstchip.dat

Loading... C:\USERS\KUNAL\GOOGLE DRIVE\RUPESHROSHNIPRAKASHPOOJAPRASHANTKUNAL\KUNAL\TIDA-01606_HV_CARDE4_SCH\allegro/pstchip.dat

Loading... C:\USERS\KUNAL\GOOGLE DRIVE\RUPESHROSHNIPRAKASHPOOJAPRASHANTKUNAL\KUNAL\TIDA-01606_HV_CARDE4_SCH\allegro/pstxprt.dat

Loading... C:\USERS\KUNAL\GOOGLE DRIVE\RUPESHROSHNIPRAKASHPOOJAPRASHANTKUNAL\KUNAL\TIDA-01606_HV_CARDE4_SCH\allegro/pstxnet.dat
packaging the design view...