(---------------------------------------------------------------------)
(                                                                     )
(    NC DRILL Log                                                     )
(                                                                     )
(    Drawing          : gate_driver_ttype_modified_v1_11mar.brd       )
(    Software Version : 17.4S031                                      )
(    Date/Time        : Fri Mar 22 15:13:58 2024                      )
(                                                                     )
(---------------------------------------------------------------------)



 Processing NC Parameters file 'nc_param.txt' ...

 NC PARAMETERS
 -------------

 FORMAT   		2.5
 MACHINE-OFFSET		x:0.00000	y:0.00000   (inch)
 FEEDRATE		1
 COORDINATES		ABSOLUTE
 OUTPUT-UNITS		ENGLISH
 TOOL-ORDER		INCREASING
 REPEAT-CODES		YES
 SUPPRESS-LEAD-ZEROES	NO
 SUPPRESS-TRAIL-ZEROES	NO
 SUPPRESS-EQUAL		NO
 TOOL-SELECT		NO
 HEADER			none
 LEADER			12
 CODE			ASCII
 SEPARATE		NO
 SEPARATE-ROUTING	NO
 OPTIMIZE_DRILLING	NO
 ENHANCED_EXCELLON	YES
 SCALE			1.000000

 WARNING(SPMHMF-358): Design precision is the same as that of the drill output file data.
 WARNING(SPMHMF-359): Data rounding errors may still be possible.


 Drill files being output to directory 'C:/USERS/PC/DOCUMENTS/GITHUB/SANDEEP14002/GATE_DRIVER_TTYPE_INVERTER/allegro/Gerber' ...



     'gate_driver_ttype_modified_v1_11mar-1-4.drl' created for holes connecting TOP and BOTTOM
     -----------------------------------------------------------------------------------------

           Num     Size      +/- Tolerance     Plating   Quantity

            1.  13.0000    0.0000/  0.0000      PLATED         48
            2.  20.0000    0.0000/  0.0000      PLATED          3
            3.  35.0000    0.0000/  0.0000      PLATED         32
            4.  44.0000    0.0000/  0.0000      PLATED          4
            5.  46.0600    0.0000/  0.0000      PLATED         14
            6.  55.1200    0.0000/  0.0000      PLATED         16
            7. 157.4800    0.0000/  0.0000  NON_PLATED          3

     ---- Total holes:                                        120

     ---- Total head travel:              8.58 feet (2.61 meters)

