(---------------------------------------------------------------------)
(                                                                     )
(    Allegro Netrev Import Logic                                      )
(                                                                     )
(    Drawing          : solutionstida01606_powercard_rev8.brd         )
(    Software Version : 17.4S019                                      )
(    Date/Time        : Mon Aug 23 16:13:37 2021                      )
(                                                                     )
(---------------------------------------------------------------------)


------ Directives ------------

Ripup etch:                  No
Ripup delete first segment:  No
Ripup retain bondwire:       No
Ripup symbols:               Always
Missing symbol has error:    No
DRC update:                  Yes
Schematic directory:         'C:\USERS\RUPESH\DOWNLOADS\TIDA01606_POWERCARD\allegro'
Design Directory:            'c:/users/rupesh/downloads/tida01606_powercard/board'
Old design name:             'c:/users/rupesh/downloads/tida01606_powercard/board/solutionstida01606_powercard_rev8.brd'
New design name:             'c:/users/rupesh/downloads/tida01606_powercard/board/solutionstida01606_powercard_rev8.brd'

CmdLine: netrev.exe -y 1 -i C:\USERS\RUPESH\DOWNLOADS\TIDA01606_POWERCARD\allegro c:\users\rupesh\downloads\tida01606_powercard\board\solutionstida01606_powercard_rev8.brd c:/users/rupesh/downloads/tida01606_powercard/board/solutionstida01606_powercard_rev8.brd

------ Preparing to read pst files ------

Starting to read C:/USERS/RUPESH/DOWNLOADS/TIDA01606_POWERCARD/allegro/pstchip.dat 
   Finished reading C:/USERS/RUPESH/DOWNLOADS/TIDA01606_POWERCARD/allegro/pstchip.dat (00:00:00.02)
Starting to read C:/USERS/RUPESH/DOWNLOADS/TIDA01606_POWERCARD/allegro/pstxprt.dat 
   Finished reading C:/USERS/RUPESH/DOWNLOADS/TIDA01606_POWERCARD/allegro/pstxprt.dat (00:00:00.00)
Starting to read C:/USERS/RUPESH/DOWNLOADS/TIDA01606_POWERCARD/allegro/pstxnet.dat 
   Finished reading C:/USERS/RUPESH/DOWNLOADS/TIDA01606_POWERCARD/allegro/pstxnet.dat (00:00:00.00)

------ Oversights/Warnings/Errors ------


------ Library Paths ------
MODULEPATH =  . 
           C:/Cadence/SPB_17.4/share/local/pcb/modules 

PSMPATH =  . 
           symbols 
           .. 
           ../symbols 
           C:/Cadence/SPB_17.4/share/local/pcb/symbols 
           C:/Cadence/SPB_17.4/share/pcb/pcb_lib/symbols 
           C:/Cadence/SPB_17.4/share/pcb/allegrolib/symbols 

PADPATH =  . 
           symbols 
           .. 
           ../symbols 
           C:/Cadence/SPB_17.4/share/local/pcb/padstacks 
           C:/Cadence/SPB_17.4/share/pcb/pcb_lib/symbols 
           C:/Cadence/SPB_17.4/share/pcb/allegrolib/symbols 


------ Summary Statistics ------


netrev run on Aug 23 16:13:37 2021
   DESIGN NAME : 'TIDA01606_POWERCARD_0'
   PACKAGING ON Jul 14 2021 08:12:08

   COMPILE 'logic'
   CHECK_PIN_NAMES OFF
   CROSS_REFERENCE OFF
   FEEDBACK OFF
   INCREMENTAL OFF
   INTERFACE_TYPE PHYSICAL
   MAX_ERRORS 500
   MERGE_MINIMUM 5
   NET_NAME_CHARS '#%&()*+-./:=>?@[]^_`|'
   NET_NAME_LENGTH 24
   OVERSIGHTS ON
   REPLACE_CHECK OFF
   SINGLE_NODE_NETS ON
   SPLIT_MINIMUM 0
   SUPPRESS   20
   WARNINGS ON

 No error detected
 No oversight detected
 No warning detected

cpu time      0:00:42
elapsed time  0:00:00

