{ Using PSTWRITER 17.2.0 d001Apr-27-2020 at 10:59:46 }

#1 WARNING(ORCAP-36038): "No_connect" property on Pin "J5.3" ignored for J5: SCHEMATIC1, PAGE2 (18.70, 5.40). Connecting pin to net "GND_MID".
#2 WARNING(ORCAP-36006): Part Name "CAP NP_RES0603_0.1U 0603 25V " is renamed to "CAP NP_RES0603_0.1U 0603 25V".
#3 WARNING(ORCAP-36006): Part Name "CAP NP_SNPD0805_MODIFIED_4.7U 0805 50V " is renamed to "CAP NP_SNPD0805_MODIFIED_4.7U 0".
#4 WARNING(ORCAP-36006): Part Name "CAP NP_RES0603_0.1U 0603 50V " is renamed to "CAP NP_RES0603_0.1U 0603 50V".
#5 WARNING(ORCAP-36006): Part Name "CAP NP_SNPD0805_MODIFIED_10U 0805 35V " is renamed to "CAP NP_SNPD0805_MODIFIED_10U 08".
#6 WARNING(ORCAP-36006): Part Name "CAP NP_RES0603_0.1U 0603 50V" is renamed to "CAP NP_RES0603_0.1U 0603 50V_1".
#7 WARNING(ORCAP-36006): Part Name "CAP NP_SNPD0805_MODIFIED_100PF 0805 50V " is renamed to "CAP NP_SNPD0805_MODIFIED_100PF".
#8 WARNING(ORCAP-36006): Part Name "CAP NP_SNPD0805_MODIFIED_10U 0805 35V" is renamed to "CAP NP_SNPD0805_MODIFIED_10U _1".
#9 WARNING(ORCAP-36006): Part Name "CAP NP_RES0603_100PF 0603 50V " is renamed to "CAP NP_RES0603_100PF 0603 50V".
#10 WARNING(ORCAP-36006): Part Name "CAP NP_RES0603_100PF 0603 50V" is renamed to "CAP NP_RES0603_100PF 0603 50V_1".
#11 WARNING(ORCAP-36006): Part Name "CAP NP_SNPD1206_MODIFIED_10U 1206 50V " is renamed to "CAP NP_SNPD1206_MODIFIED_10U 12".
#12 WARNING(ORCAP-36006): Part Name "CAP NP_RES0603_0.33U 0603 50V " is renamed to "CAP NP_RES0603_0.33U 0603 50V".
#13 WARNING(ORCAP-36006): Part Name "DIODE ZENER_SOD123_MMSZ4699T1G 12V" is renamed to "DIODE ZENER_SOD123_MMSZ4699T1G".
#14 WARNING(ORCAP-36006): Part Name "DIODE ZENER_SOD123_MMSZ4683T1G 3V" is renamed to "DIODE ZENER_SOD123_MMSZ4683T1G".
#15 WARNING(ORCAP-36006): Part Name "DIODE ZENER_DO214_LSM115JE3/TR13" is renamed to "DIODE ZENER_DO214_LSM115JE3/TR1".
#16 WARNING(ORCAP-36006): Part Name "RESISTOR_SNPD0805_MODIFIED_4.7K 0805 5%" is renamed to "RESISTOR_SNPD0805_MODIFIED_4.7K".
#17 WARNING(ORCAP-36006): Part Name "RESISTOR_SNPD0805_MODIFIED_0E 0805 5%" is renamed to "RESISTOR_SNPD0805_MODIFIED_0E 0".
#18 WARNING(ORCAP-36006): Part Name "RESISTOR_SNPD0805_MODIFIED_17.8E 0805 1%" is renamed to "RESISTOR_SNPD0805_MODIFIED_17.8".
#19 WARNING(ORCAP-36006): Part Name "RESISTOR_SNPD1206_MODIFIED_2E 1206 1%" is renamed to "RESISTOR_SNPD1206_MODIFIED_2E 1".
#20 WARNING(ORCAP-36006): Part Name "RESISTOR_SNPD1206_MODIFIED_0E 1206 5%" is renamed to "RESISTOR_SNPD1206_MODIFIED_0E 1".
#21 WARNING(ORCAP-36006): Part Name "RESISTOR_SNPD1206_MODIFIED_3.3E 1206 5%" is renamed to "RESISTOR_SNPD1206_MODIFIED_3.3E".
#22 WARNING(ORCAP-36006): Part Name "RESISTOR_SNPD0805_MODIFIED_1.3K 0805 5%" is renamed to "RESISTOR_SNPD0805_MODIFIED_1.3K".
#23 WARNING(ORCAP-36006): Part Name "TRANSFORMER STEPUP_0_750343804_750343804" is renamed to "TRANSFORMER STEPUP_0_750343804_".
#24 WARNING(ORCAP-36006): Part Name "DIODE ZENER_4_DBZ0003A_N_DBZ0003A" is renamed to "DIODE ZENER_4_DBZ0003A_N_DBZ000".
#25 WARNING(ORCAP-36006): Part Name "UCC21520ADWR_1_DPR0010A_UCC27211DPRR" is renamed to "UCC21520ADWR_1_DPR0010A_UCC2721".
#26 WARNING(ORCAP-36006): Part Name "DIODE ZENER_5_DBZ0003A_N_DBZ0003A" is renamed to "DIODE ZENER_5_DBZ0003A_N_DBZ000".
#27 WARNING(ORCAP-36006): Part Name "DIODE ZENER_6_DBZ0003A_N_DBZ0003A" is renamed to "DIODE ZENER_6_DBZ0003A_N_DBZ000".
#28 WARNING(ORCAP-36006): Part Name "UCC21520ADWR_4_DW0016A_N_ISO5852SDWR" is renamed to "UCC21520ADWR_4_DW0016A_N_ISO585".
#29 WARNING(ORCAP-36006): Part Name "DM3AT-SF-PEJM5_2_TSSOP14_SN74LVC126APWR" is renamed to "DM3AT-SF-PEJM5_2_TSSOP14_SN74LV".
#30 WARNING(ORCAP-36006): Part Name "UCC21520ADWR_5_DW0016A_N_ISO5852SDWR" is renamed to "UCC21520ADWR_5_DW0016A_N_ISO585".
#31 WARNING(ORCAP-36006): Part Name "DM3AT-SF-PEJM5_1_SOIC8_REV1_UCC5320SCD" is renamed to "DM3AT-SF-PEJM5_1_SOIC8_REV1_UCC".
INFO(ORCAP-36080): Scanning netlist files ...

Loading... C:\USERS\KUNAL\GOOGLE DRIVE\RUPESHROSHNIPRAKASHPOOJAPRASHANTKUNAL\KUNAL\TIDA-01606_GATE DRIVERE4_SCH\allegro/pstchip.dat

Loading... C:\USERS\KUNAL\GOOGLE DRIVE\RUPESHROSHNIPRAKASHPOOJAPRASHANTKUNAL\KUNAL\TIDA-01606_GATE DRIVERE4_SCH\allegro/pstchip.dat

Loading... C:\USERS\KUNAL\GOOGLE DRIVE\RUPESHROSHNIPRAKASHPOOJAPRASHANTKUNAL\KUNAL\TIDA-01606_GATE DRIVERE4_SCH\allegro/pstxprt.dat

Loading... C:\USERS\KUNAL\GOOGLE DRIVE\RUPESHROSHNIPRAKASHPOOJAPRASHANTKUNAL\KUNAL\TIDA-01606_GATE DRIVERE4_SCH\allegro/pstxnet.dat
packaging the design view...