(---------------------------------------------------------------------)
(                                                                     )
(    Dangling Line, Via and Antenna Report                            )
(                                                                     )
(    Drawing          : solutionstida01606_powercard_rev17.brd        )
(    Software Version : 17.4S031                                      )
(    Date/Time        : Mon Feb 26 15:32:41 2024                      )
(                                                                     )
(---------------------------------------------------------------------)


Report methodology:
  - Dangling lines have at least one end not connected.
  - Dangling vias have one or no connection
      - Plus are not a test, thieving or netshort property via.
  - Antenna vias do not have connections on their start and end layers.
      - Plus they are not a thieving vias.
      - Optionally, VOLTAGE nets, testvias and through vias can be suppressed with
        the environment variable report_antennavia.
      - Section may be suppressed by variable report_noantennavia.
  - Not part of the current partition.
  - To suppress items in dangle report add the OK_DANGLE property to the via
    or connect line.

<< Dangling Lines >>  - Location marked with a star (*) is dangling.
  Net                 Layer                  Length       Location
  ------------------------------------------------------------------------------------------
  GND                  TOP                   71.556     *(6986.000 5795.016) to  (6997.000 5728.016)
  N13962920            TOP                   20.000     *(8146.000 6517.016) to  (8146.000 6497.016)
  PC_N                 TOP                    3.940      (7231.000 6895.016) to *(7231.000 6898.956)
  HI_PWM               TOP                    2.828     *(10340.000 4924.016) to  (10342.000 4926.016)
  SD_CLKI              TOP                    0.084     *(8281.084 7133.777) to  (8281.084 7133.861)
  PGND                 TOP                   53.000     *(7585.000 2621.016) to  (7585.000 2674.016)
  5V                   TOP                   66.535     *(10860.000 6457.481) to  (10860.000 6524.016)
  N13942871            TOP                   13.940     *(660.000 1670.076) to  (660.000 1656.136)
  VA_N                 TOP                   20.000     *(8196.000 6517.016) to  (8196.000 6497.016)
  Not a Net            PWR LAYER            100.000     *(3260.000 199.016) to *(3260.000 99.016)
  Not a Net            TOP                   53.000     *(7385.000 2621.016) to *(7385.000 2674.016)
  Not a Net            TOP                    7.071     *(3265.000 1604.016) to *(3260.000 1609.016)


<< Dangling Vias >>
  Net                  Padstack               Location            Layers
  ---------------------------------------------------------------------------
  GND                  PTH_C35X20MIL        (4989.000 3064.016) TOP/BOTTOM 
  GND                  PTH_C35X20MIL        (1500.000 7584.016) TOP/BOTTOM 
  GND                  PTH_C35X20MIL        (1360.000 7639.016) TOP/BOTTOM 
  GND                  PTH_C35X20MIL        (1425.000 7609.016) TOP/BOTTOM 
  +12V                 PTH_C35X20MIL        (1349.000 5623.016) TOP/BOTTOM 
  +12V                 PTH_C35X20MIL        (1049.000 3495.016) TOP/BOTTOM 
  +12V                 PTH_C35X20MIL        (1049.000 3424.016) TOP/BOTTOM 
  +12V                 PTH_C35X20MIL        (9109.000 7336.016) TOP/BOTTOM 
  +12V                 PTH_C35X20MIL        (1349.000 5552.016) TOP/BOTTOM 
  +12V                 PTH_C35X20MIL        (9180.000 7336.016) TOP/BOTTOM 
  3.3V                 PTH_C35X20MIL        (11188.000 6533.016) TOP/BOTTOM 
  3.3V                 PTH_C35X20MIL        (11188.000 6462.016) TOP/BOTTOM 
  DC-                  PAD100CIR80D         (11323.000 411.016) TOP/BOTTOM 
  DC-                  PAD100CIR80D         (11323.000 161.016) TOP/BOTTOM 
  DC-                  PAD100CIR80D         (11073.000 411.016) TOP/BOTTOM 
  DC-                  PAD100CIR80D         (11073.000 161.016) TOP/BOTTOM 
  PWM_Q2C              PAD60CIR40D          (9942.000 4751.016) TOP/BOTTOM 
  PWM_Q3C              PAD60CIR40D          (9842.000 4751.016) TOP/BOTTOM 
  PWM_Q2B              PAD60CIR40D          (9942.000 2694.016) TOP/BOTTOM 
  5V                   PTH_C35X20MIL        (10711.000 7076.016) TOP/BOTTOM 
  5V                   PTH_C35X20MIL        (10757.000 7031.016) TOP/BOTTOM 
  Not on a Net         PTH_C35X20MIL        (3260.000 199.016) TOP/BOTTOM 
  Not on a Net         PTH_C35X20MIL        (7385.000 2674.016) TOP/BOTTOM 


<< Antenna Vias >>
  Net                  Padstack               Location            Layers
  ---------------------------------------------------------------------------
  GND                  PTH_C35X20MIL        (13709.000 6744.016) TOP/BOTTOM 
  GND                  PTH_C35X20MIL        (13710.000 6657.016) TOP/BOTTOM 
  GND                  PTH_C35X20MIL        (13016.000 7152.016) TOP/BOTTOM 
  GND                  PTH_C35X20MIL        (13081.000 7152.016) TOP/BOTTOM 
  GND                  PTH_C35X20MIL        (13146.000 7152.016) TOP/BOTTOM 
  GND                  PTH_C35X20MIL        (13625.000 6956.016) TOP/BOTTOM 
  GND                  PTH_C35X20MIL        (13276.000 7152.016) TOP/BOTTOM 
  GND                  PTH_C35X20MIL        (13211.000 7152.016) TOP/BOTTOM 
  GND                  PTH_C35X20MIL        (13014.000 7086.016) TOP/BOTTOM 
  GND                  PTH_C35X20MIL        (13079.000 7086.016) TOP/BOTTOM 
  GND                  PTH_C35X20MIL        (13146.000 7087.016) TOP/BOTTOM 
  GND                  PTH_C35X20MIL        (13211.000 7087.016) TOP/BOTTOM 
  GND                  PTH_C35X20MIL        (13276.000 7087.016) TOP/BOTTOM 
  GND                  PTH_C35X20MIL        (13079.000 7021.016) TOP/BOTTOM 
  GND                  PTH_C35X20MIL        (13146.000 7022.016) TOP/BOTTOM 
  GND                  PTH_C35X20MIL        (13014.000 7021.016) TOP/BOTTOM 
  GND                  PTH_C35X20MIL        (13276.000 7022.016) TOP/BOTTOM 
  GND                  PTH_C35X20MIL        (13211.000 7022.016) TOP/BOTTOM 
  GND                  PTH_C35X20MIL        (13079.000 6956.016) TOP/BOTTOM 
  GND                  PTH_C35X20MIL        (13146.000 6957.016) TOP/BOTTOM 
  GND                  PTH_C35X20MIL        (13014.000 6956.016) TOP/BOTTOM 
  GND                  PTH_C35X20MIL        (13211.000 6957.016) TOP/BOTTOM 
  GND                  PTH_C35X20MIL        (13276.000 6957.016) TOP/BOTTOM 
  GND                  PTH_C35X20MIL        (13014.000 6891.016) TOP/BOTTOM 
  GND                  PTH_C35X20MIL        (13079.000 6891.016) TOP/BOTTOM 
  GND                  PTH_C35X20MIL        (13146.000 6892.016) TOP/BOTTOM 
  GND                  PTH_C35X20MIL        (13276.000 6892.016) TOP/BOTTOM 
  GND                  PTH_C35X20MIL        (13211.000 6892.016) TOP/BOTTOM 
  GND                  PTH_C35X20MIL        (12437.000 7046.016) TOP/BOTTOM 
  GND                  PTH_C35X20MIL        (12502.000 7046.016) TOP/BOTTOM 
  GND                  PTH_C35X20MIL        (12567.000 7046.016) TOP/BOTTOM 
  GND                  PTH_C35X20MIL        (12437.000 6981.016) TOP/BOTTOM 
  GND                  PTH_C35X20MIL        (12502.000 6981.016) TOP/BOTTOM 
  GND                  PTH_C35X20MIL        (12567.000 6981.016) TOP/BOTTOM 
  GND                  PTH_C35X20MIL        (12437.000 6916.016) TOP/BOTTOM 
  GND                  PTH_C35X20MIL        (12502.000 6916.016) TOP/BOTTOM 
  GND                  PTH_C35X20MIL        (12567.000 6916.016) TOP/BOTTOM 
  GND                  PTH_C35X20MIL        (12632.000 6916.016) TOP/BOTTOM 
  GND                  PTH_C35X20MIL        (12697.000 6916.016) TOP/BOTTOM 
  GND                  PTH_C35X20MIL        (12437.000 6851.016) TOP/BOTTOM 
  GND                  PTH_C35X20MIL        (12502.000 6851.016) TOP/BOTTOM 
  GND                  PTH_C35X20MIL        (12567.000 6851.016) TOP/BOTTOM 
  GND                  PTH_C35X20MIL        (12632.000 6851.016) TOP/BOTTOM 
  GND                  PTH_C35X20MIL        (12697.000 6851.016) TOP/BOTTOM 
  GND                  PTH_C35X20MIL        (11889.000 7585.016) TOP/BOTTOM 
  GND                  PTH_C35X20MIL        (11814.000 7671.016) TOP/BOTTOM 
  GND                  PTH_C35X20MIL        (11814.000 7431.016) TOP/BOTTOM 
  GND                  PTH_C35X20MIL        (11889.836 7344.728) TOP/BOTTOM 
  GND                  PTH_C35X20MIL        (11959.000 7081.016) TOP/BOTTOM 
  GND                  PTH_C35X20MIL        (11752.000 6678.016) TOP/BOTTOM 
  GND                  PTH_C35X20MIL        (11703.000 6678.016) TOP/BOTTOM 
  GND                  PTH_C35X20MIL        (11717.000 6360.016) TOP/BOTTOM 
  GND                  PTH_C35X20MIL        (11766.000 6360.016) TOP/BOTTOM 
  GND                  PAD60CIR40D          (9742.000 638.016) TOP/BOTTOM 
  GND                  PTH_C35X20MIL        (11410.000 6235.016) TOP/BOTTOM 
  GND                  PTH_C35X20MIL        (10747.000 2893.016) TOP/BOTTOM 
  GND                  PTH_C35X20MIL        (11410.000 6377.016) TOP/BOTTOM 
  GND                  PTH_C35X20MIL        (11410.000 6306.016) TOP/BOTTOM 
  GND                  PTH_C35X20MIL        (11138.000 6954.016) TOP/BOTTOM 
  GND                  PTH_C35X20MIL        (11138.000 7019.016) TOP/BOTTOM 
  GND                  PTH_C35X20MIL        (10878.000 6948.016) TOP/BOTTOM 
  GND                  PTH_C35X20MIL        (10878.000 7078.016) TOP/BOTTOM 
  GND                  PTH_C35X20MIL        (10878.000 7013.016) TOP/BOTTOM 
  GND                  PTH_C35X20MIL        (10978.000 6450.016) TOP/BOTTOM 
  GND                  PTH_C35X20MIL        (10639.000 6400.016) TOP/BOTTOM 
  GND                  PTH_C35X20MIL        (10382.000 7242.016) TOP/BOTTOM 
  GND                  PTH_C35X20MIL        (10391.000 6849.016) TOP/BOTTOM 
  GND                  PTH_C35X20MIL        (10511.000 6560.016) TOP/BOTTOM 
  GND                  PTH_C35X20MIL        (10444.000 6613.016) TOP/BOTTOM 
  GND                  PTH_C35X20MIL        (10253.000 6737.016) TOP/BOTTOM 
  GND                  PTH_C35X20MIL        (10304.000 6779.016) TOP/BOTTOM 
  GND                  PTH_C35X20MIL        (9380.210 6256.250) TOP/BOTTOM 
  GND                  PTH_C35X20MIL        (9214.000 6861.016) TOP/BOTTOM 
  GND                  PTH_C35X20MIL        (9213.000 6798.016) TOP/BOTTOM 
  GND                  PTH_C35X20MIL        (9269.000 6781.016) TOP/BOTTOM 
  GND                  PTH_C35X20MIL        (9249.960 6256.250) TOP/BOTTOM 
  GND                  PTH_C35X20MIL        (9186.400 6256.250) TOP/BOTTOM 
  GND                  PTH_C35X20MIL        (8931.000 6782.016) TOP/BOTTOM 
  GND                  PTH_C35X20MIL        (9098.000 6451.016) TOP/BOTTOM 
  GND                  PTH_C35X20MIL        (8790.000 6248.016) TOP/BOTTOM 
  GND                  PTH_C35X20MIL        (8572.000 7204.016) TOP/BOTTOM 
  GND                  PTH_C35X20MIL        (8631.000 6786.016) TOP/BOTTOM 
  GND                  PTH_C35X20MIL        (8670.000 6284.016) TOP/BOTTOM 
  GND                  PTH_C35X20MIL        (8237.000 7246.016) TOP/BOTTOM 
  GND                  PTH_C35X20MIL        (8077.000 7254.016) TOP/BOTTOM 
  GND                  PTH_C35X20MIL        (8052.000 6758.016) TOP/BOTTOM 
  GND                  PTH_C35X20MIL        (8279.000 6771.016) TOP/BOTTOM 
  GND                  PTH_C35X20MIL        (8081.000 6672.016) TOP/BOTTOM 
  GND                  PTH_C35X20MIL        (8016.000 6672.016) TOP/BOTTOM 
  GND                  PTH_C35X20MIL        (8097.000 6461.016) TOP/BOTTOM 
  GND                  PTH_C35X20MIL        (7818.000 7749.016) TOP/BOTTOM 
  GND                  PTH_C35X20MIL        (7913.000 7823.016) TOP/BOTTOM 
  GND                  PTH_C35X20MIL        (7820.000 7242.016) TOP/BOTTOM 
  GND                  PTH_C35X20MIL        (7332.000 7623.016) TOP/BOTTOM 
  GND                  PTH_C35X20MIL        (7381.000 7251.016) TOP/BOTTOM 
  GND                  PTH_C35X20MIL        (7447.000 6763.016) TOP/BOTTOM 
  GND                  PTH_C35X20MIL        (7490.000 6287.016) TOP/BOTTOM 
  GND                  PTH_C35X20MIL        (7193.000 7424.016) TOP/BOTTOM 
  GND                  PTH_C35X20MIL        (6972.000 7605.016) TOP/BOTTOM 
  GND                  PTH_C35X20MIL        (7097.000 7248.016) TOP/BOTTOM 
  GND                  PTH_C35X20MIL        (6940.000 7248.016) TOP/BOTTOM 
  GND                  PTH_C35X20MIL        (7071.360 6953.740) TOP/BOTTOM 
  GND                  PTH_C35X20MIL        (6878.000 7615.016) TOP/BOTTOM 
  GND                  PTH_C35X20MIL        (6768.000 7621.016) TOP/BOTTOM 
  GND                  PTH_C35X20MIL        (6751.000 7248.016) TOP/BOTTOM 
  GND                  PTH_C35X20MIL        (6846.000 7248.016) TOP/BOTTOM 
  GND                  PTH_C35X20MIL        (6801.500 6931.880) TOP/BOTTOM 
  GND                  PTH_C35X20MIL        (6836.000 6677.016) TOP/BOTTOM 
  GND                  PTH_C35X20MIL        (6901.000 6677.016) TOP/BOTTOM 
  GND                  PTH_C35X20MIL        (6733.010 6461.000) TOP/BOTTOM 
  GND                  PTH_C35X20MIL        (6849.000 6234.016) TOP/BOTTOM 
  GND                  PTH_C35X20MIL        (6550.000 6724.000) TOP/BOTTOM 
  GND                  PTH_C35X20MIL        (6425.000 6815.016) TOP/BOTTOM 
  GND                  PTH_C35X20MIL        (6295.000 6844.535) TOP/BOTTOM 
  GND                  PTH_C35X20MIL        (6434.210 6305.500) TOP/BOTTOM 
  GND                  PTH_C35X20MIL        (3809.000 5409.016) TOP/BOTTOM 
  GND                  PTH_C35X20MIL        (4018.000 2937.016) TOP/BOTTOM 
  GND                  PTH_C35X20MIL        (3632.000 5390.432) TOP/BOTTOM 
  GND                  PTH_C35X20MIL        (3809.000 2909.016) TOP/BOTTOM 
  GND                  PTH_C35X20MIL        (3632.000 2892.016) TOP/BOTTOM 
  GND                  PTH_C35X20MIL        (4041.000 5581.016) TOP/BOTTOM 
  GND                  PTH_C35X20MIL        (5839.000 6840.016) TOP/BOTTOM 
  GND                  PTH_C35X20MIL        (5768.000 6840.016) TOP/BOTTOM 
  GND                  PTH_C35X20MIL        (5981.000 6840.016) TOP/BOTTOM 
  GND                  PTH_C35X20MIL        (5910.000 6840.016) TOP/BOTTOM 
  GND                  PTH_C35X20MIL        (6051.932 6839.133) TOP/BOTTOM 
  GND                  PTH_C35X20MIL        (4018.000 5437.016) TOP/BOTTOM 
  GND                  PTH_C35X20MIL        (4989.000 2993.016) TOP/BOTTOM 
  GND                  PTH_C35X20MIL        (5969.000 3700.016) TOP/BOTTOM 
  GND                  PTH_C35X20MIL        (6929.000 3697.016) TOP/BOTTOM 
  GND                  PTH_C35X20MIL        (4989.000 3135.016) TOP/BOTTOM 
  GND                  PTH_C35X20MIL        (4989.000 3064.016) TOP/BOTTOM 
  GND                  PTH_C35X20MIL        (4989.000 2247.016) TOP/BOTTOM 
  GND                  PTH_C35X20MIL        (4989.000 2176.016) TOP/BOTTOM 
  GND                  PTH_C35X20MIL        (6929.000 1635.016) TOP/BOTTOM 
  GND                  PTH_C35X20MIL        (4041.000 3081.016) TOP/BOTTOM 
  GND                  PTH_C35X20MIL        (4917.000 5460.016) TOP/BOTTOM 
  GND                  PTH_C35X20MIL        (4989.000 4968.016) TOP/BOTTOM 
  GND                  PTH_C35X20MIL        (4917.000 5389.016) TOP/BOTTOM 
  GND                  PTH_C35X20MIL        (4989.000 4857.016) TOP/BOTTOM 
  GND                  PTH_C35X20MIL        (4989.000 4910.016) TOP/BOTTOM 
  GND                  PTH_C35X20MIL        (4989.000 2318.016) TOP/BOTTOM 
  GND                  PTH_C35X20MIL        (4041.000 531.016) TOP/BOTTOM 
  GND                  PTH_C35X20MIL        (4019.000 387.212) TOP/BOTTOM 
  GND                  PTH_C35X20MIL        (3632.000 346.535) TOP/BOTTOM 
  GND                  PTH_C35X20MIL        (3811.000 346.535) TOP/BOTTOM 
  GND                  PTH_C35X20MIL        (1940.000 402.016) TOP/BOTTOM 
  GND                  PTH_C35X20MIL        (1500.000 7584.016) TOP/BOTTOM 
  GND                  PTH_C35X20MIL        (1460.000 7544.016) TOP/BOTTOM 
  GND                  PTH_C35X20MIL        (2018.000 195.016) TOP/BOTTOM 
  GND                  PTH_C35X20MIL        (1940.000 5452.016) TOP/BOTTOM 
  GND                  PTH_C35X20MIL        (1962.000 5282.016) TOP/BOTTOM 
  GND                  PTH_C35X20MIL        (2018.000 5245.016) TOP/BOTTOM 
  GND                  PTH_C35X20MIL        (1360.000 7639.016) TOP/BOTTOM 
  GND                  PTH_C35X20MIL        (1320.000 7599.016) TOP/BOTTOM 
  GND                  PTH_C35X20MIL        (699.000 7643.016) TOP/BOTTOM 
  GND                  PTH_C35X20MIL        (640.000 7572.016) TOP/BOTTOM 
  GND                  PTH_C35X20MIL        (1425.000 7609.016) TOP/BOTTOM 
  GND                  PTH_C35X20MIL        (1382.500 7566.516) TOP/BOTTOM 
  RST                  PAD60CIR40D          (10342.000 4751.016) TOP/BOTTOM 
  RST                  PAD60CIR40D          (10342.000 2694.016) TOP/BOTTOM 
  RST                  PTH_C35X20MIL        (10419.000 5050.016) TOP/BOTTOM 
  RST                  PAD60CIR40D          (10342.000 638.016) TOP/BOTTOM 
  TEMP_A               PTH_C35X20MIL        (6824.000 2002.016) TOP/BOTTOM 
  TEMP_A               PTH_C35X20MIL        (9967.000 1128.016) TOP/BOTTOM 
  PC_P                 PTH_C35X20MIL        (7192.000 6968.016) TOP/BOTTOM 
  PC_P                 PTH_C35X20MIL        (5872.000 7121.016) TOP/BOTTOM 
  PC_N                 PTH_C35X20MIL        (7243.000 6968.016) TOP/BOTTOM 
  PC_N                 PTH_C35X20MIL        (5828.000 7121.016) TOP/BOTTOM 
  PWM_Q4A              PTH_C35X20MIL        (10123.000 5263.462) TOP/BOTTOM 
  PWM_Q4A              PAD60CIR40D          (9842.000 738.016) TOP/BOTTOM 
  PB_P                 PTH_C35X20MIL        (7234.000 6264.201) TOP/BOTTOM 
  PB_P                 PTH_C35X20MIL        (456.000 5124.016) TOP/BOTTOM 
  PWM_Q2A              PTH_C35X20MIL        (10096.000 5066.016) TOP/BOTTOM 
  PWM_Q2A              PAD60CIR40D          (9942.000 638.016) TOP/BOTTOM 
  PB_N                 PTH_C35X20MIL        (7286.000 6262.136) TOP/BOTTOM 
  PB_N                 PTH_C35X20MIL        (205.000 5124.016) TOP/BOTTOM 
  PWM_Q3A              PTH_C35X20MIL        (9619.000 4950.016) TOP/BOTTOM 
  PWM_Q3A              PTH_C35X20MIL        (10068.000 5297.016) TOP/BOTTOM 
  PWM_Q3A              PTH_C35X20MIL        (9649.000 4600.016) TOP/BOTTOM 
  PWM_Q3A              PAD60CIR40D          (9842.000 638.016) TOP/BOTTOM 
  PA_P                 PTH_C35X20MIL        (7053.000 6262.016) TOP/BOTTOM 
  PA_P                 PTH_C35X20MIL        (451.000 3157.016) TOP/BOTTOM 
  PWM_Q1A              PTH_C35X20MIL        (10040.000 5232.016) TOP/BOTTOM 
  PWM_Q1A              PAD60CIR40D          (9942.000 738.016) TOP/BOTTOM 
  PA_N                 PTH_C35X20MIL        (7001.000 6262.016) TOP/BOTTOM 
  PA_N                 PTH_C35X20MIL        (201.165 3159.326) TOP/BOTTOM 
  HI_PWM               PAD60CIR40D          (10342.000 4851.016) TOP/BOTTOM 
  HI_PWM               PAD60CIR40D          (10342.000 2794.016) TOP/BOTTOM 
  HI_PWM               PAD60CIR40D          (10342.000 738.016) TOP/BOTTOM 
  LI_PWM               PAD60CIR40D          (10242.000 4851.016) TOP/BOTTOM 
  LI_PWM               PAD60CIR40D          (10242.000 2794.016) TOP/BOTTOM 
  LI_PWM               PAD60CIR40D          (10242.000 738.016) TOP/BOTTOM 
  VC_P                 PTH_C35X20MIL        (8373.000 6963.016) TOP/BOTTOM 
  VC_P                 PTH_C35X20MIL        (6061.000 6964.016) TOP/BOTTOM 
  VC_N                 PTH_C35X20MIL        (8424.000 6963.016) TOP/BOTTOM 
  VC_N                 PTH_C35X20MIL        (6061.000 7008.016) TOP/BOTTOM 
  VB_P                 PTH_C35X20MIL        (2060.000 5019.016) TOP/BOTTOM 
  VB_P                 PTH_C35X20MIL        (8415.000 6257.016) TOP/BOTTOM 
  VB_N                 PTH_C35X20MIL        (1809.000 5019.016) TOP/BOTTOM 
  VB_N                 PTH_C35X20MIL        (8467.000 6257.016) TOP/BOTTOM 
  FLT_B                PTH_C35X20MIL        (10444.000 2992.016) TOP/BOTTOM 
  FLT_B                PTH_C35X20MIL        (10439.706 5087.475) TOP/BOTTOM 
  FLT_A                PTH_C35X20MIL        (10394.000 938.016) TOP/BOTTOM 
  FLT_A                PTH_C35X20MIL        (10487.000 5130.016) TOP/BOTTOM 
  ILA_P                PTH_C35X20MIL        (5729.000 5670.016) TOP/BOTTOM 
  ILA_P                PTH_C35X20MIL        (7019.000 5540.016) TOP/BOTTOM 
  5V_1                 PTH_C35X20MIL        (1820.760 1008.240) TOP/BOTTOM 
  5V_1                 PTH_C35X20MIL        (2582.000 893.016) TOP/BOTTOM 
  5V_1                 PTH_C35X20MIL        (2277.000 893.016) TOP/BOTTOM 
  5V_1                 PTH_C35X20MIL        (2462.000 893.016) TOP/BOTTOM 
  5V_1                 PTH_C35X20MIL        (2522.000 893.016) TOP/BOTTOM 
  ILA_N                PTH_C35X20MIL        (5699.000 5700.016) TOP/BOTTOM 
  ILA_N                PTH_C35X20MIL        (6979.000 5540.016) TOP/BOTTOM 
  ILB_P                PTH_C35X20MIL        (6819.000 5490.016) TOP/BOTTOM 
  ILB_P                PTH_C35X20MIL        (5699.000 5600.016) TOP/BOTTOM 
  ILB_N                PTH_C35X20MIL        (6819.000 5530.016) TOP/BOTTOM 
  ILB_N                PTH_C35X20MIL        (5729.000 5630.016) TOP/BOTTOM 
  PWM_EN               PAD60CIR40D          (10042.000 4751.016) TOP/BOTTOM 
  PWM_EN               PTH_C35X20MIL        (10478.000 5235.016) TOP/BOTTOM 
  PWM_EN               PAD60CIR40D          (10042.000 638.016) TOP/BOTTOM 
  PWM_EN               PAD60CIR40D          (10042.000 2694.016) TOP/BOTTOM 
  5V_2                 PTH_C35X20MIL        (2522.000 3443.016) TOP/BOTTOM 
  5V_2                 PTH_C35X20MIL        (2462.000 3443.016) TOP/BOTTOM 
  5V_2                 PTH_C35X20MIL        (2582.000 3443.016) TOP/BOTTOM 
  5V_2                 PTH_C35X20MIL        (1820.000 3558.016) TOP/BOTTOM 
  5V_2                 PTH_C35X20MIL        (2277.000 3443.016) TOP/BOTTOM 
  +12V                 PTH_C35X20MIL        (1349.000 5623.016) TOP/BOTTOM 
  +12V                 PTH_C35X20MIL        (1049.000 3495.016) TOP/BOTTOM 
  +12V                 PTH_C35X20MIL        (1049.000 3424.016) TOP/BOTTOM 
  +12V                 PTH_C35X20MIL        (1049.000 3353.016) TOP/BOTTOM 
  +12V                 PTH_C35X20MIL        (9109.000 7336.016) TOP/BOTTOM 
  +12V                 PTH_C35X20MIL        (1349.000 5481.016) TOP/BOTTOM 
  +12V                 PTH_C35X20MIL        (1349.000 5552.016) TOP/BOTTOM 
  +12V                 PTH_C35X20MIL        (9038.000 7336.016) TOP/BOTTOM 
  +12V                 PTH_C35X20MIL        (9180.000 7336.016) TOP/BOTTOM 
  +12V                 PAD60CIR40D          (10442.000 738.016) TOP/BOTTOM 
  +12V                 PTH_C35X20MIL        (10750.000 4911.016) TOP/BOTTOM 
  +12V                 PTH_C35X20MIL        (10675.000 2730.016) TOP/BOTTOM 
  3.3V                 PTH_C35X20MIL        (6589.000 6815.016) TOP/BOTTOM 
  3.3V                 PTH_C35X20MIL        (7875.000 7790.016) TOP/BOTTOM 
  3.3V                 PTH_C35X20MIL        (6760.000 6694.016) TOP/BOTTOM 
  3.3V                 PTH_C35X20MIL        (7941.000 6689.016) TOP/BOTTOM 
  3.3V                 PTH_C35X20MIL        (6705.000 6639.016) TOP/BOTTOM 
  3.3V                 PTH_C35X20MIL        (9632.000 5327.016) TOP/BOTTOM 
  3.3V                 PTH_C35X20MIL        (10353.000 7032.016) TOP/BOTTOM 
  3.3V                 PTH_C35X20MIL        (10288.000 7032.016) TOP/BOTTOM 
  3.3V                 PTH_C35X20MIL        (10418.000 7032.016) TOP/BOTTOM 
  3.3V                 PTH_C35X20MIL        (10483.000 7032.016) TOP/BOTTOM 
  3.3V                 PTH_C35X20MIL        (6020.000 7206.016) TOP/BOTTOM 
  3.3V                 PTH_C35X20MIL        (6162.000 7206.016) TOP/BOTTOM 
  3.3V                 PTH_C35X20MIL        (6091.000 7206.016) TOP/BOTTOM 
  3.3V                 PTH_C35X20MIL        (1246.000 5130.016) TOP/BOTTOM 
  3.3V                 PTH_C35X20MIL        (1328.000 2439.016) TOP/BOTTOM 
  3.3V                 PTH_C35X20MIL        (1469.000 5130.016) TOP/BOTTOM 
  3.3V                 PTH_C35X20MIL        (1230.000 800.000) TOP/BOTTOM 
  3.3V                 PTH_C35X20MIL        (9225.000 6937.016) TOP/BOTTOM 
  3.3V                 PTH_C35X20MIL        (11188.000 6533.016) TOP/BOTTOM 
  3.3V                 PTH_C35X20MIL        (11188.000 6462.016) TOP/BOTTOM 
  3.3V                 PTH_C35X20MIL        (11188.000 6391.016) TOP/BOTTOM 
  3.3V                 PTH_C35X20MIL        (10410.000 999.016) TOP/BOTTOM 
  3.3V                 PTH_C35X20MIL        (10675.000 4803.016) TOP/BOTTOM 
  3.3V                 PTH_C35X20MIL        (10581.000 2729.016) TOP/BOTTOM 
  SD_DATA_IG_B         PTH_C35X20MIL        (1810.000 2838.016) TOP/BOTTOM 
  SD_DATA_IG_B         PTH_C35X20MIL        (1039.000 2881.016) TOP/BOTTOM 
  VINV_C               PTH_C35X20MIL        (1909.000 5945.000) TOP/BOTTOM 
  VINV_C               PTH_C35X20MIL        (1820.760 6145.760) TOP/BOTTOM 
  VINV_C               PTH_C35X20MIL        (1871.060 6206.850) TOP/BOTTOM 
  VINV_C               PTH_C35X20MIL        (2266.430 5876.540) TOP/BOTTOM 
  VINV_C               PTH_C35X20MIL        (2209.450 5819.550) TOP/BOTTOM 
  VINV_C               PTH_C35X20MIL        (3106.000 5287.016) TOP/BOTTOM 
  VINV_C               PTH_C35X20MIL        (3024.000 5469.016) TOP/BOTTOM 
  VINV_C               PTH_C35X20MIL        (3024.000 5535.016) TOP/BOTTOM 
  VINV_C               PTH_C35X20MIL        (3024.000 5403.016) TOP/BOTTOM 
  VINV_C               PTH_C35X20MIL        (2621.000 5343.016) TOP/BOTTOM 
  VINV_C               PTH_C35X20MIL        (2481.000 5676.016) TOP/BOTTOM 
  VINV_C               PTH_C35X20MIL        (2546.000 5785.016) TOP/BOTTOM 
  VINV_C               PTH_C35X20MIL        (2538.000 5705.016) TOP/BOTTOM 
  VINV_C               PTH_C35X20MIL        (2493.000 5586.016) TOP/BOTTOM 
  VINV_C               PTH_C35X20MIL        (2384.000 5614.016) TOP/BOTTOM 
  VINV_B               PTH_C35X20MIL        (2209.450 3319.550) TOP/BOTTOM 
  VINV_B               PTH_C35X20MIL        (1909.215 3444.785) TOP/BOTTOM 
  VINV_B               PTH_C35X20MIL        (1820.760 3645.760) TOP/BOTTOM 
  VINV_B               PTH_C35X20MIL        (2266.430 3376.540) TOP/BOTTOM 
  VINV_B               PTH_C35X20MIL        (1871.060 3706.860) TOP/BOTTOM 
  VINV_B               PTH_C35X20MIL        (3099.000 2784.016) TOP/BOTTOM 
  VINV_B               PTH_C35X20MIL        (3024.000 3035.016) TOP/BOTTOM 
  VINV_B               PTH_C35X20MIL        (3024.000 2969.016) TOP/BOTTOM 
  VINV_B               PTH_C35X20MIL        (3024.000 2903.016) TOP/BOTTOM 
  VINV_B               PTH_C35X20MIL        (2621.000 2843.016) TOP/BOTTOM 
  VINV_B               PTH_C35X20MIL        (2739.000 2787.016) TOP/BOTTOM 
  VINV_B               PTH_C35X20MIL        (2481.000 3176.016) TOP/BOTTOM 
  VINV_B               PTH_C35X20MIL        (2538.000 3205.016) TOP/BOTTOM 
  VINV_B               PTH_C35X20MIL        (2546.000 3285.016) TOP/BOTTOM 
  VINV_B               PTH_C35X20MIL        (2494.000 3085.016) TOP/BOTTOM 
  VINV_B               PTH_C35X20MIL        (2384.000 3114.016) TOP/BOTTOM 
  NEU                  PTH_C35X20MIL        (466.000 6724.016) TOP/BOTTOM 
  NEU                  PTH_C35X20MIL        (477.000 2553.016) TOP/BOTTOM 
  NEU                  PTH_C35X20MIL        (482.000 4520.016) TOP/BOTTOM 
  VINV_A               PTH_C35X20MIL        (2266.430 826.540) TOP/BOTTOM 
  VINV_A               PTH_C35X20MIL        (1871.060 1156.850) TOP/BOTTOM 
  VINV_A               PTH_C35X20MIL        (1909.215 894.785) TOP/BOTTOM 
  VINV_A               PTH_C35X20MIL        (1820.760 1095.760) TOP/BOTTOM 
  VINV_A               PTH_C35X20MIL        (2209.450 769.550) TOP/BOTTOM 
  VINV_A               PTH_C35X20MIL        (3103.000 243.016) TOP/BOTTOM 
  VINV_A               PTH_C35X20MIL        (3024.500 419.016) TOP/BOTTOM 
  VINV_A               PTH_C35X20MIL        (3029.106 353.016) TOP/BOTTOM 
  VINV_A               PTH_C35X20MIL        (3024.000 485.016) TOP/BOTTOM 
  VINV_A               PTH_C35X20MIL        (2546.000 735.016) TOP/BOTTOM 
  VINV_A               PTH_C35X20MIL        (2538.000 655.016) TOP/BOTTOM 
  VINV_A               PTH_C35X20MIL        (2481.000 626.016) TOP/BOTTOM 
  VINV_A               PTH_C35X20MIL        (2621.000 293.016) TOP/BOTTOM 
  VINV_A               PTH_C35X20MIL        (2493.000 536.016) TOP/BOTTOM 
  VINV_A               PTH_C35X20MIL        (2384.000 564.016) TOP/BOTTOM 
  3.3V_U18             PTH_C35X20MIL        (6389.500 6477.180) TOP/BOTTOM 
  DC-                  PAD100CIR80D         (11323.000 411.016) TOP/BOTTOM 
  DC-                  PAD100CIR80D         (11323.000 161.016) TOP/BOTTOM 
  DC-                  PAD100CIR80D         (11073.000 411.016) TOP/BOTTOM 
  DC-                  PAD100CIR80D         (11073.000 161.016) TOP/BOTTOM 
  PWM_Q2C              PAD60CIR40D          (9942.000 4751.016) TOP/BOTTOM 
  PWM_Q3C              PAD60CIR40D          (9842.000 4751.016) TOP/BOTTOM 
  PWM_Q4B              PAD60CIR40D          (9842.000 2794.016) TOP/BOTTOM 
  PWM_Q4B              PTH_C35X20MIL        (10220.000 5232.016) TOP/BOTTOM 
  PWM_Q2B              PTH_C35X20MIL        (10192.000 5099.016) TOP/BOTTOM 
  PWM_Q2B              PTH_C35X20MIL        (10161.000 3083.016) TOP/BOTTOM 
  PWM_Q2B              PAD60CIR40D          (9942.000 2694.016) TOP/BOTTOM 
  PWM_Q3B              PAD60CIR40D          (9842.000 2694.016) TOP/BOTTOM 
  PWM_Q3B              PTH_C35X20MIL        (10162.845 5259.941) TOP/BOTTOM 
  PWM_Q1B              PTH_C35X20MIL        (10250.000 5129.016) TOP/BOTTOM 
  PWM_Q1B              PAD60CIR40D          (9942.000 2794.016) TOP/BOTTOM 
  PGND                 PTH_C35X20MIL        (2129.000 6823.016) TOP/BOTTOM 
  PGND                 PTH_C35X20MIL        (2084.000 4459.016) TOP/BOTTOM 
  PGND                 PTH_C35X20MIL        (7585.000 2674.016) TOP/BOTTOM 
  PGND                 PTH_C35X20MIL        (2096.000 1990.016) TOP/BOTTOM 
  5V                   PTH_C35X20MIL        (8515.000 7613.016) TOP/BOTTOM 
  5V                   PTH_C35X20MIL        (8295.000 7613.016) TOP/BOTTOM 
  5V                   PTH_C35X20MIL        (10665.000 7122.016) TOP/BOTTOM 
  5V                   PTH_C35X20MIL        (10711.000 7076.016) TOP/BOTTOM 
  5V                   PTH_C35X20MIL        (10757.000 7031.016) TOP/BOTTOM 
  5V                   PTH_C35X20MIL        (7381.000 7613.016) TOP/BOTTOM 
  5V                   PTH_C35X20MIL        (10035.000 7651.016) TOP/BOTTOM 
  5V                   PTH_C35X20MIL        (10836.000 6673.016) TOP/BOTTOM 
  5V                   PTH_C35X20MIL        (10836.000 6543.016) TOP/BOTTOM 
  5V                   PTH_C35X20MIL        (10836.000 6608.016) TOP/BOTTOM 
  5V                   PTH_C35X20MIL        (7157.000 1622.016) TOP/BOTTOM 
  5V                   PTH_C35X20MIL        (4919.000 1590.016) TOP/BOTTOM 
  5V                   PTH_C35X20MIL        (5059.000 1590.016) TOP/BOTTOM 
  5V                   PTH_C35X20MIL        (4919.000 2478.016) TOP/BOTTOM 
  5V                   PTH_C35X20MIL        (5246.000 5777.016) TOP/BOTTOM 
  5V                   PTH_C35X20MIL        (7157.000 1572.016) TOP/BOTTOM 
  5V                   PTH_C35X20MIL        (5169.000 3580.016) TOP/BOTTOM 
  5V                   PTH_C35X20MIL        (7157.000 3678.016) TOP/BOTTOM 
  5V                   PTH_C35X20MIL        (4073.000 593.016) TOP/BOTTOM 
  5V                   PTH_C35X20MIL        (7157.000 5703.016) TOP/BOTTOM 
  5V                   PTH_C35X20MIL        (7157.000 5753.016) TOP/BOTTOM 
  5V                   PTH_C35X20MIL        (8061.475 7451.052) TOP/BOTTOM 
  TEMP_C               PTH_C35X20MIL        (9604.000 4600.016) TOP/BOTTOM 
  TEMP_C               PTH_C35X20MIL        (6709.000 5120.016) TOP/BOTTOM 
  TEMP_B               PTH_C35X20MIL        (6856.000 2040.016) TOP/BOTTOM 
  TEMP_B               PTH_C35X20MIL        (9639.000 2530.016) TOP/BOTTOM 
  IIND_C               PTH_C35X20MIL        (6369.000 4751.016) TOP/BOTTOM 
  IIND_B               PTH_C35X20MIL        (6369.000 2702.016) TOP/BOTTOM 
  IIND_A               PTH_C35X20MIL        (6369.000 638.016) TOP/BOTTOM 
  DC+                  PTH_C35X20MIL        (7333.000 643.016) TOP/BOTTOM 
  DC+                  PTH_C35X20MIL        (7333.000 2697.016) TOP/BOTTOM 
  DC+                  PTH_C35X20MIL        (7333.000 4750.016) TOP/BOTTOM 
  5V_3                 PTH_C35X20MIL        (2462.000 5943.016) TOP/BOTTOM 
  5V_3                 PTH_C35X20MIL        (2277.000 5943.016) TOP/BOTTOM 
  5V_3                 PTH_C35X20MIL        (2522.000 5943.016) TOP/BOTTOM 
  5V_3                 PTH_C35X20MIL        (1820.000 6058.016) TOP/BOTTOM 
  5V_3                 PTH_C35X20MIL        (2582.000 5943.016) TOP/BOTTOM 
  VA_P                 PTH_C35X20MIL        (8233.000 6257.016) TOP/BOTTOM 
  VA_P                 PTH_C35X20MIL        (2119.000 2520.016) TOP/BOTTOM 
  VA_N                 PTH_C35X20MIL        (8181.000 6257.016) TOP/BOTTOM 
  VA_N                 PTH_C35X20MIL        (2092.000 2566.016) TOP/BOTTOM 
  RDY                  PAD60CIR40D          (10242.000 4751.016) TOP/BOTTOM 
  RDY                  PAD60CIR40D          (10242.000 638.016) TOP/BOTTOM 
  RDY                  PAD60CIR40D          (10242.000 2694.016) TOP/BOTTOM 

<< Summary >>
  Total dangling lines:      12
  Total dangling vias:       23
  Total antenna vias:       378
